0 info it worked if it ends with ok
1 verbose cli [ 'C:\\Program Files\\nodejs\\node.exe',
1 verbose cli   'C:\\PrivProjects\\SDS018.Client.Lib\\node_modules\\npm\\bin\\npm-cli.js',
1 verbose cli   'run',
1 verbose cli   'clean' ]
2 info using npm@3.10.10
3 info using node@v10.16.0
4 warn invalid config loglevel="notice"
5 verbose run-script [ 'preclean', 'clean', 'postclean' ]
6 info lifecycle air-pollution-sensor-client-lib@1.0.0~preclean: air-pollution-sensor-client-lib@1.0.0
7 silly lifecycle air-pollution-sensor-client-lib@1.0.0~preclean: no script for preclean, continuing
8 info lifecycle air-pollution-sensor-client-lib@1.0.0~clean: air-pollution-sensor-client-lib@1.0.0
9 verbose lifecycle air-pollution-sensor-client-lib@1.0.0~clean: unsafe-perm in lifecycle true
10 verbose lifecycle air-pollution-sensor-client-lib@1.0.0~clean: PATH: C:\PrivProjects\SDS018.Client.Lib\node_modules\npm\bin\node-gyp-bin;C:\PrivProjects\SDS018.Client.Lib\node_modules\.bin;C:\Users\tbudre01\AppData\Roaming\nvm\v10.16.0\node_modules\npm\node_modules\npm-lifecycle\node-gyp-bin;C:\PrivProjects\SDS018.Client.Lib\node_modules\.bin;C:\Program Files (x86)\Common Files\Oracle\Java\javapath;C:\Program Files (x86)\Microsoft SDKs\Azure\CLI2\wbin;C:\Python27\;C:\Python27\Scripts;C:\WINDOWS\system32;C:\WINDOWS;C:\WINDOWS\System32\Wbem;C:\WINDOWS\System32\WindowsPowerShell\v1.0\;C:\WINDOWS\System32\OpenSSH\;C:\Program Files\dotnet\;C:\Program Files\Git\cmd;C:\Program Files (x86)\Microsoft SQL Server\Client SDK\ODBC\130\Tools\Binn\;C:\Program Files (x86)\Microsoft SQL Server\140\Tools\Binn\;C:\Program Files (x86)\Microsoft SQL Server\140\DTS\Binn\;C:\Program Files (x86)\Microsoft SQL Server\140\Tools\Binn\ManagementStudio\;C:\Program Files (x86)\Yarn\bin\;C:\Users\tbudre01\AppData\Roaming\nvm;C:\Program Files\nodejs;;C:\Program Files\TortoiseGit\bin;C:\Program Files\Microsoft SQL Server\Client SDK\ODBC\170\Tools\Binn\;C:\Program Files\Microsoft SQL Server\Client SDK\ODBC\130\Tools\Binn\;C:\Program Files\Microsoft SQL Server\140\Tools\Binn\;C:\Program Files\Microsoft SQL Server\140\DTS\Binn\;C:\Program Files\Microsoft SQL Server\130\Tools\Binn\;C:\Users\tbudre01\AppData\Local\Microsoft\WindowsApps;C:\Users\tbudre01\AppData\Local\Yarn\bin;C:\Users\tbudre01\AppData\Roaming\nvm;C:\Users\tbudre01\AppData\Roaming\npm;C:\Users\tbudre01\AppData\Local\Programs\Microsoft VS Code\bin;C:\Users\tbudre01\AppData\Local\Programs\Fiddler;C:\Users\tbudre01\.dotnet\tools;C:\Users\tbudre01\AppData\Local\Programs\Azure Data Studio\bin;C:\Users\tbudre01\AppData\Roaming\nvm;C:\Program Files\nodejs;C:\Users\tbudre01\AppData\Local\GitHubDesktop\bin
11 verbose lifecycle air-pollution-sensor-client-lib@1.0.0~clean: CWD: C:\PrivProjects\SDS018.Client.Lib
12 silly lifecycle air-pollution-sensor-client-lib@1.0.0~clean: Args: [ '/d /s /c', 'rm ./bin -rf' ]
13 silly lifecycle air-pollution-sensor-client-lib@1.0.0~clean: Returned: code: 1  signal: null
14 info lifecycle air-pollution-sensor-client-lib@1.0.0~clean: Failed to exec clean script
15 verbose stack Error: air-pollution-sensor-client-lib@1.0.0 clean: `rm ./bin -rf`
15 verbose stack Exit status 1
15 verbose stack     at EventEmitter.<anonymous> (C:\PrivProjects\SDS018.Client.Lib\node_modules\npm\lib\utils\lifecycle.js:255:16)
15 verbose stack     at EventEmitter.emit (events.js:198:13)
15 verbose stack     at ChildProcess.<anonymous> (C:\PrivProjects\SDS018.Client.Lib\node_modules\npm\lib\utils\spawn.js:40:14)
15 verbose stack     at ChildProcess.emit (events.js:198:13)
15 verbose stack     at maybeClose (internal/child_process.js:982:16)
15 verbose stack     at Process.ChildProcess._handle.onexit (internal/child_process.js:259:5)
16 verbose pkgid air-pollution-sensor-client-lib@1.0.0
17 verbose cwd C:\PrivProjects\SDS018.Client.Lib
18 error Windows_NT 10.0.17134
19 error argv "C:\\Program Files\\nodejs\\node.exe" "C:\\PrivProjects\\SDS018.Client.Lib\\node_modules\\npm\\bin\\npm-cli.js" "run" "clean"
20 error node v10.16.0
21 error npm  v3.10.10
22 error code ELIFECYCLE
23 error air-pollution-sensor-client-lib@1.0.0 clean: `rm ./bin -rf`
23 error Exit status 1
24 error Failed at the air-pollution-sensor-client-lib@1.0.0 clean script 'rm ./bin -rf'.
24 error Make sure you have the latest version of node.js and npm installed.
24 error If you do, this is most likely a problem with the air-pollution-sensor-client-lib package,
24 error not with npm itself.
24 error Tell the author that this fails on your system:
24 error     rm ./bin -rf
24 error You can get information on how to open an issue for this project with:
24 error     npm bugs air-pollution-sensor-client-lib
24 error Or if that isn't available, you can get their info via:
24 error     npm owner ls air-pollution-sensor-client-lib
24 error There is likely additional logging output above.
25 verbose exit [ 1, true ]
